Feb-17 13:42:04.465 [main] DEBUG nextflow.cli.Launcher - $> nextflow run qc2.nf --outdir /rds/general/user/ywan1/home/qc/output --fastq '*_{1,2}.fastq.gz' --trimSlidingWindow '5:20' --trimMinLength 50 -with-trace
Feb-17 13:42:04.605 [main] INFO  nextflow.cli.CmdRun - N E X T F L O W  ~  version 19.01.0
Feb-17 13:42:04.627 [main] INFO  nextflow.cli.CmdRun - Launching `qc2.nf` [drunk_hawking] - revision: 985deb1446
Feb-17 13:42:04.650 [main] DEBUG nextflow.config.ConfigBuilder - Found config local: /rdsgpfs/general/user/ywan1/home/qc/nextflow.config
Feb-17 13:42:04.652 [main] DEBUG nextflow.config.ConfigBuilder - Parsing config file: /rdsgpfs/general/user/ywan1/home/qc/nextflow.config
Feb-17 13:42:04.691 [main] DEBUG nextflow.config.ConfigBuilder - Applying config profile: `standard`
Feb-17 13:42:05.405 [main] DEBUG nextflow.Session - Session uuid: 6d85b54c-6108-4099-ac0e-065de0071832
Feb-17 13:42:05.405 [main] DEBUG nextflow.Session - Run name: drunk_hawking
Feb-17 13:42:05.406 [main] DEBUG nextflow.Session - Executor pool size: 24
Feb-17 13:42:05.529 [main] DEBUG nextflow.cli.CmdRun - 
  Version: 19.01.0 build 5050
  Modified: 22-01-2019 11:19 UTC (11:19 BST)
  System: Linux 3.10.0-1062.9.1.el7.x86_64
  Runtime: Groovy 2.5.5 on OpenJDK 64-Bit Server VM 10.0.2+13
  Encoding: UTF-8 (UTF-8)
  Process: 32196@login-6 [146.179.60.56]
  CPUs: 24 - Mem: 188.9 GB (117.5 GB) - Swap: 0 (0)
Feb-17 13:42:05.619 [main] DEBUG nextflow.Session - Work-dir: /rdsgpfs/general/user/ywan1/home/qc/work [gpfs]
Feb-17 13:42:05.619 [main] DEBUG nextflow.Session - Script base path does not exist or is not a directory: /rdsgpfs/general/user/ywan1/home/qc/bin
Feb-17 13:42:05.822 [main] DEBUG nextflow.Session - Session start invoked
Feb-17 13:42:05.829 [main] DEBUG nextflow.processor.TaskDispatcher - Dispatcher > start
Feb-17 13:42:05.830 [main] DEBUG nextflow.trace.TraceFileObserver - Flow starting -- trace file: /rdsgpfs/general/user/ywan1/home/qc/trace.txt
Feb-17 13:42:05.833 [main] DEBUG nextflow.script.ScriptRunner - > Script parsing
Feb-17 13:42:06.087 [main] DEBUG nextflow.script.ScriptRunner - > Launching execution
Feb-17 13:42:06.160 [PathVisitor-1] DEBUG nextflow.file.PathVisitor - files for syntax: glob; folder: ./; pattern: *_{1,2}.fastq.gz; options: [:]
Feb-17 13:42:06.362 [main] DEBUG nextflow.processor.ProcessFactory - << taskConfig executor: local
Feb-17 13:42:06.363 [main] DEBUG nextflow.processor.ProcessFactory - >> processorType: 'local'
Feb-17 13:42:06.371 [main] DEBUG nextflow.executor.Executor - Initializing executor: local
Feb-17 13:42:06.374 [main] INFO  nextflow.executor.Executor - [warm up] executor > local
Feb-17 13:42:06.380 [main] DEBUG n.processor.LocalPollingMonitor - Creating local task monitor for executor 'local' > cpus=24; memory=188.9 GB; capacity=24; pollInterval=100ms; dumpInterval=5m
Feb-17 13:42:06.385 [main] DEBUG nextflow.processor.TaskDispatcher - Starting monitor: LocalPollingMonitor
Feb-17 13:42:06.386 [main] DEBUG n.processor.TaskPollingMonitor - >>> barrier register (monitor: local)
Feb-17 13:42:06.389 [main] DEBUG nextflow.executor.Executor - Invoke register for executor: local
Feb-17 13:42:06.429 [main] DEBUG nextflow.Session - >>> barrier register (process: trimmomatic)
Feb-17 13:42:06.432 [main] DEBUG nextflow.processor.TaskProcessor - Creating operator > trimmomatic -- maxForks: 24
Feb-17 13:42:06.464 [main] DEBUG nextflow.processor.ProcessFactory - << taskConfig executor: local
Feb-17 13:42:06.464 [main] DEBUG nextflow.processor.ProcessFactory - >> processorType: 'local'
Feb-17 13:42:06.465 [main] DEBUG nextflow.executor.Executor - Initializing executor: local
Feb-17 13:42:06.471 [main] DEBUG nextflow.Session - >>> barrier register (process: fastqc)
Feb-17 13:42:06.472 [main] DEBUG nextflow.processor.TaskProcessor - Creating operator > fastqc -- maxForks: 24
Feb-17 13:42:06.474 [main] DEBUG nextflow.script.ScriptRunner - > Await termination 
Feb-17 13:42:06.475 [main] DEBUG nextflow.Session - Session await
Feb-17 13:42:06.698 [Task submitter] DEBUG nextflow.executor.LocalTaskHandler - Launch cmd line: /bin/bash -ue .command.run
Feb-17 13:42:06.707 [Task submitter] INFO  nextflow.Session - [fe/d91b32] Submitted process > trimmomatic (1)
Feb-17 13:42:06.738 [Task submitter] DEBUG nextflow.executor.LocalTaskHandler - Launch cmd line: /bin/bash -ue .command.run
Feb-17 13:42:06.739 [Task submitter] INFO  nextflow.Session - [08/9210a7] Submitted process > trimmomatic (2)
Feb-17 13:43:03.853 [Task monitor] DEBUG n.processor.TaskPollingMonitor - Task completed > TaskHandler[id: 1; name: trimmomatic (1); status: COMPLETED; exit: 0; error: -; workDir: /rdsgpfs/general/user/ywan1/home/qc/work/fe/d91b3270a2433a4bf11ed8f3e27430]
Feb-17 13:43:03.908 [Task submitter] DEBUG nextflow.executor.LocalTaskHandler - Launch cmd line: /bin/bash -ue .command.run
Feb-17 13:43:03.909 [Task submitter] INFO  nextflow.Session - [6f/6e42ae] Submitted process > fastqc (1)
Feb-17 13:43:50.204 [Task monitor] DEBUG n.processor.TaskPollingMonitor - Task completed > TaskHandler[id: 2; name: trimmomatic (2); status: COMPLETED; exit: 0; error: -; workDir: /rdsgpfs/general/user/ywan1/home/qc/work/08/9210a7c08cec828dfe211c6142bb02]
Feb-17 13:43:50.220 [Actor Thread 1] DEBUG nextflow.Session - <<< barrier arrive (process: trimmomatic)
Feb-17 13:43:50.226 [Task submitter] DEBUG nextflow.executor.LocalTaskHandler - Launch cmd line: /bin/bash -ue .command.run
Feb-17 13:43:50.226 [Task submitter] INFO  nextflow.Session - [30/7ec864] Submitted process > fastqc (2)
Feb-17 13:44:00.413 [Task monitor] DEBUG n.processor.TaskPollingMonitor - Task completed > TaskHandler[id: 3; name: fastqc (1); status: COMPLETED; exit: 0; error: -; workDir: /rdsgpfs/general/user/ywan1/home/qc/work/6f/6e42ae6740c4e2dd276fc410beb627]
Feb-17 13:45:12.486 [Task monitor] DEBUG n.processor.TaskPollingMonitor - Task completed > TaskHandler[id: 4; name: fastqc (2); status: COMPLETED; exit: 0; error: -; workDir: /rdsgpfs/general/user/ywan1/home/qc/work/30/7ec864708656b38830b15e34648311]
Feb-17 13:45:12.488 [Actor Thread 1] DEBUG nextflow.Session - <<< barrier arrive (process: fastqc)
Feb-17 13:45:12.488 [main] DEBUG nextflow.Session - Session await > all process finished
Feb-17 13:45:12.490 [Task monitor] DEBUG n.processor.TaskPollingMonitor - <<< barrier arrives (monitor: local)
Feb-17 13:45:12.491 [main] DEBUG nextflow.Session - Session await > all barriers passed
Feb-17 13:45:12.497 [main] DEBUG nextflow.trace.StatsObserver - Workflow completed > WorkflowStats[succeedCount=4; failedCount=0; ignoredCount=0; cachedCount=0; succeedDuration=4m 50s; failedDuration=0ms; cachedDuration=0ms]
Feb-17 13:45:12.497 [main] DEBUG nextflow.trace.TraceFileObserver - Flow completing -- flushing trace file
Feb-17 13:45:12.510 [main] DEBUG nextflow.CacheDB - Closing CacheDB done
Feb-17 13:45:12.530 [main] DEBUG nextflow.script.ScriptRunner - > Execution complete -- Goodbye
