Feb-14 22:43:32.983 [main] DEBUG nextflow.cli.Launcher - $> nextflow run qc1.nf --fastq '*_{1,2}.fastq.gz' --trimSlidingWindow '5:20' --trimMinLength 50 -profile pbs_conf -with-report qc1_report.html -with-trace
Feb-14 22:43:34.890 [main] INFO  nextflow.cli.CmdRun - N E X T F L O W  ~  version 19.01.0
Feb-14 22:43:35.184 [main] INFO  nextflow.cli.CmdRun - Launching `qc1.nf` [silly_spence] - revision: 3701cc42b0
Feb-14 22:43:35.685 [main] DEBUG nextflow.config.ConfigBuilder - Found config local: /rdsgpfs/general/user/ywan1/home/qc/nextflow.config
Feb-14 22:43:35.781 [main] DEBUG nextflow.config.ConfigBuilder - Parsing config file: /rdsgpfs/general/user/ywan1/home/qc/nextflow.config
Feb-14 22:43:36.983 [main] DEBUG nextflow.config.ConfigBuilder - Applying config profile: `pbs_conf`
Feb-14 22:43:48.989 [main] DEBUG nextflow.config.ConfigBuilder - Available config profiles: [standard, pbs_conf]
Feb-14 22:43:49.585 [main] DEBUG nextflow.Session - Session uuid: 4804f97d-6f08-495e-aeba-27f3d5f0cf52
Feb-14 22:43:49.586 [main] DEBUG nextflow.Session - Run name: silly_spence
Feb-14 22:43:49.587 [main] DEBUG nextflow.Session - Executor pool size: 24
Feb-14 22:43:50.484 [main] DEBUG nextflow.cli.CmdRun - 
  Version: 19.01.0 build 5050
  Modified: 22-01-2019 11:19 UTC (11:19 BST)
  System: Linux 3.10.0-1062.9.1.el7.x86_64
  Runtime: Groovy 2.5.5 on OpenJDK 64-Bit Server VM 10.0.2+13
  Encoding: UTF-8 (UTF-8)
  Process: 19082@login-6 [146.179.60.56]
  CPUs: 24 - Mem: 188.9 GB (156 GB) - Swap: 0 (0)
Feb-14 22:43:51.287 [main] DEBUG nextflow.Session - Work-dir: /rdsgpfs/general/user/ywan1/home/qc/work [gpfs]
Feb-14 22:43:51.287 [main] DEBUG nextflow.Session - Script base path does not exist or is not a directory: /rdsgpfs/general/user/ywan1/home/qc/bin
Feb-14 22:43:53.382 [main] DEBUG nextflow.Session - Session start invoked
Feb-14 22:43:53.389 [main] DEBUG nextflow.processor.TaskDispatcher - Dispatcher > start
Feb-14 22:43:53.390 [main] DEBUG nextflow.trace.TraceFileObserver - Flow starting -- trace file: /rdsgpfs/general/user/ywan1/home/qc/trace.txt
Feb-14 22:43:53.394 [main] DEBUG nextflow.script.ScriptRunner - > Script parsing
Feb-14 22:43:57.086 [main] DEBUG nextflow.script.ScriptRunner - > Launching execution
Feb-14 22:43:57.592 [PathVisitor-1] DEBUG nextflow.file.PathVisitor - files for syntax: glob; folder: ./; pattern: *_{1,2}.fastq.gz; options: [:]
Feb-14 22:44:00.183 [main] DEBUG nextflow.processor.ProcessFactory - << taskConfig executor: pbs
Feb-14 22:44:00.184 [main] DEBUG nextflow.processor.ProcessFactory - >> processorType: 'pbs'
Feb-14 22:44:00.385 [main] DEBUG nextflow.executor.Executor - Initializing executor: pbs
Feb-14 22:44:00.484 [main] INFO  nextflow.executor.Executor - [warm up] executor > pbs
Feb-14 22:44:00.681 [main] DEBUG n.processor.TaskPollingMonitor - Creating task monitor for executor 'pbs' > capacity: 100; pollInterval: 5s; dumpInterval: 5m 
Feb-14 22:44:00.687 [main] DEBUG nextflow.processor.TaskDispatcher - Starting monitor: TaskPollingMonitor
Feb-14 22:44:00.689 [main] DEBUG n.processor.TaskPollingMonitor - >>> barrier register (monitor: pbs)
Feb-14 22:44:00.693 [main] DEBUG nextflow.executor.Executor - Invoke register for executor: pbs
Feb-14 22:44:00.781 [main] DEBUG n.executor.AbstractGridExecutor - Creating executor 'pbs' > queue-stat-interval: 1m
Feb-14 22:44:01.386 [main] DEBUG nextflow.Session - >>> barrier register (process: fastqc)
Feb-14 22:44:01.481 [main] DEBUG nextflow.processor.TaskProcessor - Creating operator > fastqc -- maxForks: 24
Feb-14 22:44:01.882 [main] DEBUG nextflow.processor.ProcessFactory - << taskConfig executor: pbs
Feb-14 22:44:01.883 [main] DEBUG nextflow.processor.ProcessFactory - >> processorType: 'pbs'
Feb-14 22:44:01.883 [main] DEBUG nextflow.executor.Executor - Initializing executor: pbs
Feb-14 22:44:01.884 [main] DEBUG n.executor.AbstractGridExecutor - Creating executor 'pbs' > queue-stat-interval: 1m
Feb-14 22:44:01.981 [main] DEBUG nextflow.Session - >>> barrier register (process: trimmomatic)
Feb-14 22:44:01.984 [main] DEBUG nextflow.processor.TaskProcessor - Creating operator > trimmomatic -- maxForks: 24
Feb-14 22:44:02.082 [main] DEBUG nextflow.script.ScriptRunner - > Await termination 
Feb-14 22:44:02.082 [main] DEBUG nextflow.Session - Session await
Feb-14 22:44:07.584 [Task submitter] DEBUG nextflow.executor.GridTaskHandler - [PBS] submitted process trimmomatic (1) > jobId: 1073837.pbs; workDir: /rdsgpfs/general/user/ywan1/home/qc/work/22/123a9f82b505b70f8a0c322e5f9adf
Feb-14 22:44:07.592 [Task submitter] INFO  nextflow.Session - [22/123a9f] Submitted process > trimmomatic (1)
Feb-14 22:44:08.205 [Task submitter] DEBUG nextflow.executor.GridTaskHandler - [PBS] submitted process fastqc (2) > jobId: 1073838.pbs; workDir: /rdsgpfs/general/user/ywan1/home/qc/work/74/dd7cadf0e36703f9379b85e91fc742
Feb-14 22:44:08.205 [Task submitter] INFO  nextflow.Session - [74/dd7cad] Submitted process > fastqc (2)
Feb-14 22:44:08.813 [Task submitter] DEBUG nextflow.executor.GridTaskHandler - [PBS] submitted process trimmomatic (2) > jobId: 1073839.pbs; workDir: /rdsgpfs/general/user/ywan1/home/qc/work/58/807ce8f8c0617fd9df0b6a31973014
Feb-14 22:44:08.814 [Task submitter] INFO  nextflow.Session - [58/807ce8] Submitted process > trimmomatic (2)
Feb-14 22:44:09.342 [Task submitter] DEBUG nextflow.executor.GridTaskHandler - [PBS] submitted process fastqc (1) > jobId: 1073840.pbs; workDir: /rdsgpfs/general/user/ywan1/home/qc/work/12/04a2439657919dbaf5d27b1b70402a
Feb-14 22:44:09.343 [Task submitter] INFO  nextflow.Session - [12/04a243] Submitted process > fastqc (1)
Feb-14 22:45:05.907 [Task monitor] WARN  n.executor.AbstractGridExecutor - [PBS] queue status cannot be fetched
- cmd executed: bash -c set -o pipefail; qstat -f -1 | { egrep '(Job Id:|job_state =)' || true; }
- exit status : 1
- output      :
  qstat: conflicting options.
  usage: 
  qstat [-f] [-J] [-p] [-t] [-x] [-E] [-F format] [-D delim] [ job_identifier... | destination... ]
  qstat [-a|-i|-r|-H|-T] [-J] [-t] [-u user] [-n] [-s] [-G|-M] [-1] [-w]
  	[ job_identifier... | destination... ]
  qstat -Q [-f] [-F format] [-D delim] [ destination... ]
  qstat -q [-G|-M] [ destination... ]
  qstat -B [-f] [-F format] [-D delim] [ server_name... ]
  qstat --version

Feb-14 22:46:05.807 [Task monitor] DEBUG n.processor.TaskPollingMonitor - Task completed > TaskHandler[jobId: 1073840.pbs; id: 1; name: fastqc (1); status: COMPLETED; exit: 0; error: -; workDir: /rdsgpfs/general/user/ywan1/home/qc/work/12/04a2439657919dbaf5d27b1b70402a started: 1581720306004; exited: 2020-02-14T22:46:01.89417Z; ]
Feb-14 22:47:30.807 [Task monitor] DEBUG n.processor.TaskPollingMonitor - Task completed > TaskHandler[jobId: 1073839.pbs; id: 3; name: trimmomatic (2); status: COMPLETED; exit: 0; error: -; workDir: /rdsgpfs/general/user/ywan1/home/qc/work/58/807ce8f8c0617fd9df0b6a31973014 started: 1581720305994; exited: 2020-02-14T22:47:26.911104Z; ]
Feb-14 22:47:35.803 [Task monitor] DEBUG n.processor.TaskPollingMonitor - Task completed > TaskHandler[jobId: 1073838.pbs; id: 4; name: fastqc (2); status: COMPLETED; exit: 0; error: -; workDir: /rdsgpfs/general/user/ywan1/home/qc/work/74/dd7cadf0e36703f9379b85e91fc742 started: 1581720305914; exited: 2020-02-14T22:47:32.981479Z; ]
Feb-14 22:47:35.810 [Actor Thread 1] DEBUG nextflow.Session - <<< barrier arrive (process: fastqc)
Feb-14 22:47:55.806 [Task monitor] DEBUG n.processor.TaskPollingMonitor - Task completed > TaskHandler[jobId: 1073837.pbs; id: 2; name: trimmomatic (1); status: COMPLETED; exit: 0; error: -; workDir: /rdsgpfs/general/user/ywan1/home/qc/work/22/123a9f82b505b70f8a0c322e5f9adf started: 1581720305803; exited: 2020-02-14T22:47:52.400985Z; ]
Feb-14 22:47:55.810 [Actor Thread 1] DEBUG nextflow.Session - <<< barrier arrive (process: trimmomatic)
Feb-14 22:47:55.811 [main] DEBUG nextflow.Session - Session await > all process finished
Feb-14 22:47:55.815 [Task monitor] DEBUG n.processor.TaskPollingMonitor - <<< barrier arrives (monitor: pbs)
Feb-14 22:47:55.815 [main] DEBUG nextflow.Session - Session await > all barriers passed
Feb-14 22:47:55.822 [main] DEBUG nextflow.trace.StatsObserver - Workflow completed > WorkflowStats[succeedCount=4; failedCount=0; ignoredCount=0; cachedCount=0; succeedDuration=8m 25s; failedDuration=0ms; cachedDuration=0ms]
Feb-14 22:47:55.823 [main] DEBUG nextflow.trace.TraceFileObserver - Flow completing -- flushing trace file
Feb-14 22:47:55.825 [main] DEBUG nextflow.trace.ReportObserver - Flow completing -- rendering html report
Feb-14 22:47:56.587 [main] DEBUG nextflow.trace.ReportObserver - Execution report summary data:
  {"trimmomatic":{"cpu":{"mean":291.75,"min":247.3,"q1":269.52,"q2":291.75,"q3":313.98,"max":336.2,"minLabel":"trimmomatic (1)","maxLabel":"trimmomatic (2)","q1Label":"trimmomatic (1)","q2Label":"trimmomatic (1)","q3Label":"trimmomatic (1)"},"mem":{"mean":8243298304,"min":8243298304,"q1":8243298304,"q2":8243298304,"q3":8243298304,"max":8243298304,"minLabel":"trimmomatic (2)","maxLabel":"trimmomatic (1)","q1Label":"trimmomatic (2)","q2Label":"trimmomatic (2)","q3Label":"trimmomatic (2)"},"time":{"mean":151147,"min":139589,"q1":145368,"q2":151147,"q3":156926,"max":162705,"minLabel":"trimmomatic (2)","maxLabel":"trimmomatic (1)","q1Label":"trimmomatic (2)","q2Label":"trimmomatic (2)","q3Label":"trimmomatic (2)"},"reads":{"mean":634425344,"min":461926400,"q1":548175872,"q2":634425344,"q3":720674816,"max":806924288,"minLabel":"trimmomatic (1)","maxLabel":"trimmomatic (2)","q1Label":"trimmomatic (1)","q2Label":"trimmomatic (1)","q3Label":"trimmomatic (1)"},"writes":{"mean":581271552,"min":414142464,"q1":497707008,"q2":581271552,"q3":664836096,"max":748400640,"minLabel":"trimmomatic (1)","maxLabel":"trimmomatic (2)","q1Label":"trimmomatic (1)","q2Label":"trimmomatic (1)","q3Label":"trimmomatic (1)"},"cpuUsage":{"mean":291.75,"min":247.3,"q1":269.52,"q2":291.75,"q3":313.98,"max":336.2,"minLabel":"trimmomatic (1)","maxLabel":"trimmomatic (2)","q1Label":"trimmomatic (1)","q2Label":"trimmomatic (1)","q3Label":"trimmomatic (1)"},"memUsage":null,"timeUsage":{"mean":2.1,"min":1.94,"q1":2.02,"q2":2.1,"q3":2.18,"max":2.26,"minLabel":"trimmomatic (2)","maxLabel":"trimmomatic (1)","q1Label":"trimmomatic (2)","q2Label":"trimmomatic (2)","q3Label":"trimmomatic (2)"}},"fastqc":{"cpu":{"mean":122.05,"min":101.2,"q1":111.63,"q2":122.05,"q3":132.48,"max":142.9,"minLabel":"fastqc (2)","maxLabel":"fastqc (1)","q1Label":"fastqc (2)","q2Label":"fastqc (2)","q3Label":"fastqc (2)"},"mem":{"mean":1779439616,"min":1779367936,"q1":1779403776,"q2":1779439616,"q3":1779475456,"max":1779511296,"minLabel":"fastqc (1)","maxLabel":"fastqc (2)","q1Label":"fastqc (1)","q2Label":"fastqc (1)","q3Label":"fastqc (1)"},"time":{"mean":101595,"min":55416,"q1":78505.5,"q2":101595,"q3":124684.5,"max":147774,"minLabel":"fastqc (1)","maxLabel":"fastqc (2)","q1Label":"fastqc (1)","q2Label":"fastqc (1)","q3Label":"fastqc (1)"},"reads":{"mean":421554176,"min":4096,"q1":210779136,"q2":421554176,"q3":632329216,"max":843104256,"minLabel":"fastqc (1)","maxLabel":"fastqc (2)","q1Label":"fastqc (1)","q2Label":"fastqc (1)","q3Label":"fastqc (1)"},"writes":{"mean":983040,"min":950272,"q1":966656,"q2":983040,"q3":999424,"max":1015808,"minLabel":"fastqc (2)","maxLabel":"fastqc (1)","q1Label":"fastqc (2)","q2Label":"fastqc (2)","q3Label":"fastqc (2)"},"cpuUsage":{"mean":122.05,"min":101.2,"q1":111.63,"q2":122.05,"q3":132.48,"max":142.9,"minLabel":"fastqc (2)","maxLabel":"fastqc (1)","q1Label":"fastqc (2)","q2Label":"fastqc (2)","q3Label":"fastqc (2)"},"memUsage":null,"timeUsage":{"mean":1.41,"min":0.77,"q1":1.09,"q2":1.41,"q3":1.73,"max":2.05,"minLabel":"fastqc (1)","maxLabel":"fastqc (2)","q1Label":"fastqc (1)","q2Label":"fastqc (1)","q3Label":"fastqc (1)"}}}
Feb-14 22:47:59.901 [main] DEBUG nextflow.CacheDB - Closing CacheDB done
Feb-14 22:47:59.999 [main] DEBUG nextflow.script.ScriptRunner - > Execution complete -- Goodbye
